<?xml version="1.0" encoding="UTF-8"?>
<!-- Generated by org.testng.reporters.JUnitReportReporter -->
<testsuite hostname="aspire742" name="MFMA.Tests.SmokeTestCases" tests="7" failures="1" timestamp="18 Jul 2016 05:47:41 GMT" time="127.919" errors="0">
  <testcase name="SmokeCaseTest1_6" time="21.673" classname="MFMA.Tests.SmokeTestCases"/>
  <testcase name="SmokeCaseTest1_7" time="9.427" classname="MFMA.Tests.SmokeTestCases">
    <failure type="java.lang.NullPointerException">
      <![CDATA[java.lang.NullPointerException
	at MFMA.Screens.VaultHomeScreen.<init>(VaultHomeScreen.java:22)
	at MFMA.Factories.VaultHome.<init>(VaultHome.java:26)
	at MFMA.Factories.Vault.navigateToVaultHomeScreen(Vault.java:82)
	at MFMA.Tests.SmokeTestCases.SmokeCaseTest1_7(SmokeTestCases.java:284)
	at sun.reflect.NativeMethodAccessorImpl.invoke0(Native Method)
	at sun.reflect.NativeMethodAccessorImpl.invoke(NativeMethodAccessorImpl.java:62)
	at sun.reflect.DelegatingMethodAccessorImpl.invoke(DelegatingMethodAccessorImpl.java:43)
	at java.lang.reflect.Method.invoke(Method.java:497)
	at org.testng.internal.MethodInvocationHelper.invokeMethod(MethodInvocationHelper.java:84)
	at org.testng.internal.Invoker.invokeMethod(Invoker.java:714)
	at org.testng.internal.Invoker.invokeTestMethod(Invoker.java:901)
	at org.testng.internal.Invoker.invokeTestMethods(Invoker.java:1231)
	at org.testng.internal.TestMethodWorker.invokeTestMethods(TestMethodWorker.java:127)
	at org.testng.internal.TestMethodWorker.run(TestMethodWorker.java:111)
	at org.testng.TestRunner.privateRun(TestRunner.java:767)
	at org.testng.TestRunner.run(TestRunner.java:617)
	at org.testng.SuiteRunner.runTest(SuiteRunner.java:334)
	at org.testng.SuiteRunner.runSequentially(SuiteRunner.java:329)
	at org.testng.SuiteRunner.privateRun(SuiteRunner.java:291)
	at org.testng.SuiteRunner.run(SuiteRunner.java:240)
	at org.testng.SuiteRunnerWorker.runSuite(SuiteRunnerWorker.java:52)
	at org.testng.SuiteRunnerWorker.run(SuiteRunnerWorker.java:86)
	at org.testng.TestNG.runSuitesSequentially(TestNG.java:1224)
	at org.testng.TestNG.runSuitesLocally(TestNG.java:1149)
	at org.testng.TestNG.run(TestNG.java:1057)
	at org.apache.maven.surefire.testng.TestNGExecutor.run(TestNGExecutor.java:282)
	at org.apache.maven.surefire.testng.TestNGXmlTestSuite.execute(TestNGXmlTestSuite.java:83)
	at org.apache.maven.surefire.testng.TestNGProvider.invoke(TestNGProvider.java:114)
	at org.apache.maven.surefire.booter.ForkedBooter.invokeProviderInSameClassLoader(ForkedBooter.java:286)
	at org.apache.maven.surefire.booter.ForkedBooter.runSuitesInProcess(ForkedBooter.java:240)
	at org.apache.maven.surefire.booter.ForkedBooter.main(ForkedBooter.java:121)
]]>
    </failure>
  </testcase> <!-- SmokeCaseTest1_7 -->
  <testcase name="SmokeCaseTest1_1" time="16.268" classname="MFMA.Tests.SmokeTestCases"/>
  <testcase name="SmokeCaseTest1_2" time="21.255" classname="MFMA.Tests.SmokeTestCases"/>
  <testcase name="SmokeCaseTest1_3" time="17.250" classname="MFMA.Tests.SmokeTestCases"/>
  <testcase name="SmokeCaseTest1_4" time="20.429" classname="MFMA.Tests.SmokeTestCases"/>
  <testcase name="SmokeCaseTest1_5" time="21.617" classname="MFMA.Tests.SmokeTestCases"/>
</testsuite> <!-- MFMA.Tests.SmokeTestCases -->
