<?xml version="1.0" encoding="UTF-8"?>
<!-- Generated by org.testng.reporters.JUnitReportReporter -->
<testsuite hostname="aspire742" name="MFMA.Tests.SmokeTestCases" tests="9" failures="0" timestamp="18 Jul 2016 12:09:04 GMT" time="222.847" errors="0">
  <testcase name="SmokeCaseTest1_3" time="13.458" classname="MFMA.Tests.SmokeTestCases"/>
  <testcase name="SmokeCaseTest1_8" time="29.353" classname="MFMA.Tests.SmokeTestCases"/>
  <testcase name="SmokeCaseTest1_2" time="16.198" classname="MFMA.Tests.SmokeTestCases"/>
  <testcase name="SmokeCaseTest1_4" time="20.812" classname="MFMA.Tests.SmokeTestCases"/>
  <testcase name="SmokeCaseTest1_7" time="11.436" classname="MFMA.Tests.SmokeTestCases"/>
  <testcase name="SmokeCaseTest1_1" time="16.535" classname="MFMA.Tests.SmokeTestCases"/>
  <testcase name="SmokeCaseTest1_9" time="74.705" classname="MFMA.Tests.SmokeTestCases"/>
  <testcase name="SmokeCaseTest1_6" time="18.769" classname="MFMA.Tests.SmokeTestCases"/>
  <testcase name="SmokeCaseTest1_5" time="21.581" classname="MFMA.Tests.SmokeTestCases"/>
</testsuite> <!-- MFMA.Tests.SmokeTestCases -->
